<?xml version="1.0" encoding="UTF-8"?>
<robot generator="Robot 6.0.2 (Python 3.11.3 on win32)" generated="20230613 23:01:18.705" rpa="false" schemaversion="3">
<suite id="s1" name="Buger Eats Testes" source="C:\ProjetosRobotFramework\WebTesting\buger_eats_testes.robot">
<test id="s1-t1" name="Caso de Teste 01 - Realizar o cadastro no site sem anexar CNH" line="9">
<kw name="Abrir o navegador" library="buger_eats_resources" type="SETUP">
<kw name="Open Browser" library="SeleniumLibrary">
<arg>browser=${BROWSER}</arg>
<doc>Opens a new browser instance to the optional ``url``.</doc>
<msg timestamp="20230613 23:01:18.943" level="INFO">Opening browser 'firefox' to base url 'None'.</msg>
<msg timestamp="20230613 23:01:18.967" level="INFO">Cannot capture screenshot because no browser is open.</msg>
<msg timestamp="20230613 23:01:18.968" level="FAIL">OSError: [WinError 216] Esta versão de %1 não é compatível com a versão do Windows sendo executada. Verifique as informações de sistema do computador e contate o fornecedor do software</msg>
<status status="FAIL" starttime="20230613 23:01:18.943" endtime="20230613 23:01:18.973"/>
</kw>
<kw name="Maximize Browser Window" library="SeleniumLibrary">
<doc>Maximizes current browser window.</doc>
<status status="NOT RUN" starttime="20230613 23:01:18.973" endtime="20230613 23:01:18.973"/>
</kw>
<status status="FAIL" starttime="20230613 23:01:18.942" endtime="20230613 23:01:18.974"/>
</kw>
<kw name="Fechar o navegador" library="buger_eats_resources" type="TEARDOWN">
<kw name="Capture Page Screenshot" library="SeleniumLibrary">
<doc>Takes a screenshot of the current page and embeds it into a log file.</doc>
<msg timestamp="20230613 23:01:18.975" level="INFO">Cannot capture screenshot because no browser is open.</msg>
<status status="PASS" starttime="20230613 23:01:18.975" endtime="20230613 23:01:18.975"/>
</kw>
<kw name="Close Browser" library="SeleniumLibrary">
<doc>Closes the current browser.</doc>
<status status="PASS" starttime="20230613 23:01:18.975" endtime="20230613 23:01:18.976"/>
</kw>
<status status="PASS" starttime="20230613 23:01:18.974" endtime="20230613 23:01:18.976"/>
</kw>
<doc>Esse teste verifica o cadastro no site da Buger Eats
que não deve ser possível sem o anexo da CNH</doc>
<tag>cadastro_sem_cnh</tag>
<status status="FAIL" starttime="20230613 23:01:18.942" endtime="20230613 23:01:18.976">Setup failed:
OSError: [WinError 216] Esta versão de %1 não é compatível com a versão do Windows sendo executada. Verifique as informações de sistema do computador e contate o fornecedor do software</status>
</test>
<test id="s1-t2" name="Caso de Teste 02 - Realizar o cadastro no site sem anexar CNH e sem preencher o input número" line="21">
<kw name="Abrir o navegador" library="buger_eats_resources" type="SETUP">
<kw name="Open Browser" library="SeleniumLibrary">
<arg>browser=${BROWSER}</arg>
<doc>Opens a new browser instance to the optional ``url``.</doc>
<msg timestamp="20230613 23:01:18.984" level="INFO">Opening browser 'firefox' to base url 'None'.</msg>
<msg timestamp="20230613 23:01:18.998" level="INFO">Cannot capture screenshot because no browser is open.</msg>
<msg timestamp="20230613 23:01:18.998" level="FAIL">OSError: [WinError 216] Esta versão de %1 não é compatível com a versão do Windows sendo executada. Verifique as informações de sistema do computador e contate o fornecedor do software</msg>
<status status="FAIL" starttime="20230613 23:01:18.983" endtime="20230613 23:01:19.002"/>
</kw>
<kw name="Maximize Browser Window" library="SeleniumLibrary">
<doc>Maximizes current browser window.</doc>
<status status="NOT RUN" starttime="20230613 23:01:19.002" endtime="20230613 23:01:19.002"/>
</kw>
<status status="FAIL" starttime="20230613 23:01:18.981" endtime="20230613 23:01:19.002"/>
</kw>
<kw name="Fechar o navegador" library="buger_eats_resources" type="TEARDOWN">
<kw name="Capture Page Screenshot" library="SeleniumLibrary">
<doc>Takes a screenshot of the current page and embeds it into a log file.</doc>
<msg timestamp="20230613 23:01:19.004" level="INFO">Cannot capture screenshot because no browser is open.</msg>
<status status="PASS" starttime="20230613 23:01:19.004" endtime="20230613 23:01:19.004"/>
</kw>
<kw name="Close Browser" library="SeleniumLibrary">
<doc>Closes the current browser.</doc>
<status status="PASS" starttime="20230613 23:01:19.004" endtime="20230613 23:01:19.005"/>
</kw>
<status status="PASS" starttime="20230613 23:01:19.003" endtime="20230613 23:01:19.005"/>
</kw>
<doc>Esse teste verifica o cadastro no site da Buger Eats
que não deve ser possível sem o anexo da CNH e sem preencher o input número</doc>
<tag>cadastro_sem_cnh_e_numero</tag>
<status status="FAIL" starttime="20230613 23:01:18.979" endtime="20230613 23:01:19.006">Setup failed:
OSError: [WinError 216] Esta versão de %1 não é compatível com a versão do Windows sendo executada. Verifique as informações de sistema do computador e contate o fornecedor do software</status>
</test>
<doc>Essa suíte valida o cadastro do site Buger Eats</doc>
<status status="FAIL" starttime="20230613 23:01:18.707" endtime="20230613 23:01:19.008"/>
</suite>
<statistics>
<total>
<stat pass="0" fail="2" skip="0">All Tests</stat>
</total>
<tag>
<stat pass="0" fail="1" skip="0">cadastro_sem_cnh</stat>
<stat pass="0" fail="1" skip="0">cadastro_sem_cnh_e_numero</stat>
</tag>
<suite>
<stat pass="0" fail="2" skip="0" id="s1" name="Buger Eats Testes">Buger Eats Testes</stat>
</suite>
</statistics>
<errors>
</errors>
</robot>
